<?xml version="1.0" encoding="UTF-8"?>
<!-- Generated by org.testng.reporters.JUnitReportReporter -->
<testsuite hostname="DESKTOP-2BVS31M" failures="0" tests="1" name="testProject.SwitchCases" time="0.180" errors="0" timestamp="10 Jun 2022 06:44:10 GMT" skipped="0">
  <testcase classname="testProject.SwitchCases" name="launchLearner" time="0.180"/>
</testsuite> <!-- testProject.SwitchCases -->
